#-----------------------------------------------------------
# Webtalk v2018.3 (64-bit)
# SW Build 2405991 on Thu Dec  6 23:38:27 MST 2018
# 
# Start of session at: Sun Feb  7 15:22:55 2021
# Process ID: 10532
# Current directory: E:/test/project_3/project_3.sdk/webtalk
# Command line: wbtcv.exe -mode batch -source sdk_webtalk.tcl
# Log file: E:/test/project_3/project_3.sdk/webtalk/webtalk.log
# Journal file: E:/test/project_3/project_3.sdk/webtalk\webtalk.jou
#-----------------------------------------------------------
source sdk_webtalk.tcl
# webtalk_init -webtalk_dir E:\\test\\project_3\\project_3.sdk\\webtalk
# webtalk_register_client -client project
# webtalk_add_data -client project -key date_generated -value "2021-02-07 15:22:54" -context "software_version_and_target_device"
# webtalk_add_data -client project -key product_version -value "SDK v2018.3" -context "software_version_and_target_device"
# webtalk_add_data -client project -key build_version -value "2018.3" -context "software_version_and_target_device"
# webtalk_add_data -client project -key os_platform -value "amd64" -context "software_version_and_target_device"
# webtalk_add_data -client project -key registration_id -value "" -context "software_version_and_target_device"
# webtalk_add_data -client project -key tool_flow -value "SDK" -context "software_version_and_target_device"
# webtalk_add_data -client project -key beta -value "false" -context "software_version_and_target_device"
# webtalk_add_data -client project -key route_design -value "NA" -context "software_version_and_target_device"
# webtalk_add_data -client project -key target_family -value "NA" -context "software_version_and_target_device"
# webtalk_add_data -client project -key target_device -value "NA" -context "software_version_and_target_device"
# webtalk_add_data -client project -key target_package -value "NA" -context "software_version_and_target_device"
# webtalk_add_data -client project -key target_speed -value "NA" -context "software_version_and_target_device"
# webtalk_add_data -client project -key random_id -value "ctph0610abo6al68t1o43895ah" -context "software_version_and_target_device"
# webtalk_add_data -client project -key project_id -value "2018.3_11" -context "software_version_and_target_device"
# webtalk_add_data -client project -key project_iteration -value "11" -context "software_version_and_target_device"
# webtalk_add_data -client project -key os_name -value "Microsoft Windows 8 or later , 64-bit" -context "user_environment"
# webtalk_add_data -client project -key os_release -value "major release  (build 9200)" -context "user_environment"
# webtalk_add_data -client project -key cpu_name -value "Intel(R) Core(TM) i7-8700K CPU @ 3.70GHz" -context "user_environment"
# webtalk_add_data -client project -key cpu_speed -value "3696 MHz" -context "user_environment"
# webtalk_add_data -client project -key total_processors -value "1" -context "user_environment"
# webtalk_add_data -client project -key system_ram -value "68.547 GB" -context "user_environment"
# webtalk_register_client -client sdk
# webtalk_add_data -client sdk -key uid -value "1612681125831" -context "sdk\\\\hardware/1612681125831"
# webtalk_add_data -client sdk -key isZynq -value "false" -context "sdk\\\\hardware/1612681125831"
# webtalk_add_data -client sdk -key isZynqMP -value "true" -context "sdk\\\\hardware/1612681125831"
# webtalk_add_data -client sdk -key Processors -value "7" -context "sdk\\\\hardware/1612681125831"
# webtalk_add_data -client sdk -key VivadoVersion -value "2018.3" -context "sdk\\\\hardware/1612681125831"
# webtalk_add_data -client sdk -key Arch -value "zynquplus" -context "sdk\\\\hardware/1612681125831"
# webtalk_add_data -client sdk -key Device -value "xczu9eg" -context "sdk\\\\hardware/1612681125831"
# webtalk_add_data -client sdk -key IsHandoff -value "true" -context "sdk\\\\hardware/1612681125831"
# webtalk_add_data -client sdk -key os -value "NA" -context "sdk\\\\hardware/1612681125831"
# webtalk_add_data -client sdk -key apptemplate -value "NA" -context "sdk\\\\hardware/1612681125831"
# webtalk_add_data -client sdk -key RecordType -value "HWCreation" -context "sdk\\\\hardware/1612681125831"
# webtalk_add_data -client sdk -key uid -value "1612681180261" -context "sdk\\\\bsp/1612681180261"
# webtalk_add_data -client sdk -key hwid -value "1612681125831" -context "sdk\\\\bsp/1612681180261"
# webtalk_add_data -client sdk -key os -value "standalone" -context "sdk\\\\bsp/1612681180261"
# webtalk_add_data -client sdk -key apptemplate -value "empty_application" -context "sdk\\\\bsp/1612681180261"
# webtalk_add_data -client sdk -key RecordType -value "BSPCreation" -context "sdk\\\\bsp/1612681180261"
# webtalk_add_data -client sdk -key uid -value "1612681184272" -context "sdk\\\\application/1612681184272"
# webtalk_add_data -client sdk -key hwid -value "1612681125831" -context "sdk\\\\application/1612681184272"
# webtalk_add_data -client sdk -key bspid -value "1612681180261" -context "sdk\\\\application/1612681184272"
# webtalk_add_data -client sdk -key newbsp -value "true" -context "sdk\\\\application/1612681184272"
# webtalk_add_data -client sdk -key os -value "standalone" -context "sdk\\\\application/1612681184272"
# webtalk_add_data -client sdk -key apptemplate -value "empty_application" -context "sdk\\\\application/1612681184272"
# webtalk_add_data -client sdk -key RecordType -value "APPCreation" -context "sdk\\\\application/1612681184272"
# webtalk_add_data -client sdk -key LangUsed -value "C" -context "sdk\\\\application/1612681184272"
# webtalk_add_data -client sdk -key Procused -value "psu_cortexa53" -context "sdk\\\\application/1612681184272"
# webtalk_add_data -client sdk -key projSize -value "259.375" -context "sdk\\\\application/1612681184272"
# webtalk_add_data -client sdk -key uid -value "NA" -context "sdk\\\\bsp/1612682574023"
# webtalk_add_data -client sdk -key RecordType -value "ToolUsage" -context "sdk\\\\bsp/1612682574023"
# webtalk_add_data -client sdk -key BootgenCount -value "0" -context "sdk\\\\bsp/1612682574023"
# webtalk_add_data -client sdk -key DebugCount -value "4" -context "sdk\\\\bsp/1612682574023"
# webtalk_add_data -client sdk -key PerfCount -value "0" -context "sdk\\\\bsp/1612682574023"
# webtalk_add_data -client sdk -key FlashCount -value "0" -context "sdk\\\\bsp/1612682574023"
# webtalk_add_data -client sdk -key CrossTriggCount -value "0" -context "sdk\\\\bsp/1612682574023"
# webtalk_add_data -client sdk -key QemuDebugCount -value "0" -context "sdk\\\\bsp/1612682574023"
# webtalk_transmit -clientid 3881007490 -regid "" -xml E:\\test\\project_3\\project_3.sdk\\webtalk\\usage_statistics_ext_sdk.xml -html E:\\test\\project_3\\project_3.sdk\\webtalk\\usage_statistics_ext_sdk.html -wdm E:\\test\\project_3\\project_3.sdk\\webtalk\\sdk_webtalk.wdm -intro "<H3>SDK Usage Report</H3><BR>"
# webtalk_terminate
INFO: [Common 17-206] Exiting Webtalk at Sun Feb  7 15:23:04 2021...
